centroid region 0 is ( -0.926341 , 0.120799 )
centroid region 1 is ( -0.912624 , -0.0412844 )
centroid region 2 is ( -0.824924 , 0.26504 )
centroid region 3 is ( -0.843912 , -0.204098 )
centroid region 4 is ( -0.713026 , -0.328134 )
centroid region 5 is ( -0.691018 , 0.51533 )
centroid region 6 is ( -0.528897 , -0.0493495 )
centroid region 7 is ( -0.549587 , 0.233675 )
centroid region 8 is ( -0.525521 , -0.67736 )
centroid region 9 is ( -0.498734 , 0.453357 )
centroid region 10 is ( -0.496056 , 0.578891 )
centroid region 11 is ( -0.448696 , 0.773405 )
centroid region 12 is ( -0.337398 , 0.430514 )
centroid region 13 is ( -0.308548 , 0.614127 )
centroid region 14 is ( -0.412715 , -0.337904 )
centroid region 15 is ( -0.203061 , -0.389081 )
centroid region 16 is ( -0.250005 , 0.0972835 )
centroid region 17 is ( -0.196657 , 0.35708 )
centroid region 18 is ( -0.187177 , -0.802085 )
centroid region 19 is ( -0.133881 , 0.763249 )
centroid region 20 is ( -0.0462391 , 0.308081 )
centroid region 21 is ( 0.00854492 , -0.212119 )
centroid region 22 is ( -0.00749134 , 0.0113066 )
centroid region 23 is ( 0.128703 , -0.826661 )
centroid region 24 is ( 0.0952171 , -0.523366 )
centroid region 25 is ( 0.105229 , 0.83663 )
centroid region 26 is ( 0.152631 , 0.403502 )
centroid region 27 is ( 0.220145 , 0.152236 )
centroid region 28 is ( 0.354469 , -0.0842472 )
centroid region 29 is ( 0.321915 , 0.75195 )
centroid region 30 is ( 0.389376 , 0.518298 )
centroid region 31 is ( 0.417512 , -0.366962 )
centroid region 32 is ( 0.453825 , -0.620136 )
centroid region 33 is ( 0.592651 , 0.434484 )
centroid region 34 is ( 0.573473 , 0.710292 )
centroid region 35 is ( 0.585941 , -0.716628 )
centroid region 36 is ( 0.711491 , 0.168974 )
centroid region 37 is ( 0.780283 , 0.530334 )
centroid region 38 is ( 0.76708 , -0.428293 )
centroid region 39 is ( 0.72783 , -0.189039 )
centroid region 40 is ( 0.924088 , -0.0698222 )
 Region size 392
 Region size 687
 Region size 1363
 Region size 1209
 Region size 1669
 Region size 1512
 Region size 1952
 Region size 1484
 Region size 2391
 Region size 290
 Region size 428
 Region size 1374
 Region size 847
 Region size 596
 Region size 2009
 Region size 1539
 Region size 1544
 Region size 936
 Region size 1891
 Region size 2180
 Region size 785
 Region size 1765
 Region size 1053
 Region size 2253
 Region size 2195
 Region size 1704
 Region size 1955
 Region size 1412
 Region size 2344
 Region size 1528
 Region size 1270
 Region size 1829
 Region size 1525
 Region size 1397
 Region size 748
 Region size 1021
 Region size 3363
 Region size 689
 Region size 1221
 Region size 1582
 Region size 872
